Determining if the CL_VERSION_2_0 exist failed with the following output:
Change Dir: C:/libfreenect2_altered/build/CMakeFiles/CMakeTmp

Run Build Command:"C:/Program Files (x86)/MSBuild/14.0/bin/MSBuild.exe" "cmTC_23b5a.vcxproj" "/p:Configuration=Debug" "/p:Platform=x64" "/p:VisualStudioVersion=14.0"
Microsoft (R) Build Engine version 14.0.25420.1
Copyright (C) Microsoft Corporation. All rights reserved.

Build started 04/03/2019 12:55:30.
Project "C:\libfreenect2_altered\build\CMakeFiles\CMakeTmp\cmTC_23b5a.vcxproj" on node 1 (default targets).
PrepareForBuild:
  Creating directory "cmTC_23b5a.dir\Debug\".
  Creating directory "C:\libfreenect2_altered\build\CMakeFiles\CMakeTmp\Debug\".
  Creating directory "cmTC_23b5a.dir\Debug\cmTC_23b5a.tlog\".
InitializeBuildStatus:
  Creating "cmTC_23b5a.dir\Debug\cmTC_23b5a.tlog\unsuccessfulbuild" because "AlwaysCreate" was specified.
ClCompile:
  C:\Program Files (x86)\Microsoft Visual Studio 14.0\VC\bin\x86_amd64\CL.exe /c /I"C:\Program Files\NVIDIA GPU Computing Toolkit\CUDA\v9.2\include" /Zi /W3 /WX- /Od /Ob0 /D WIN32 /D _WINDOWS /D "CMAKE_INTDIR=\"Debug\"" /D _MBCS /Gm- /RTC1 /MDd /GS /fp:precise /Zc:wchar_t /Zc:forScope /Zc:inline /openmp /Fo"cmTC_23b5a.dir\Debug\\" /Fd"cmTC_23b5a.dir\Debug\vc140.pdb" /Gd /TC /errorReport:queue C:\libfreenect2_altered\build\CMakeFiles\CMakeTmp\CheckSymbolExists.c
  Microsoft (R) C/C++ Optimizing Compiler Version 19.00.24215.1 for x64
  Copyright (C) Microsoft Corporation.  All rights reserved.
  
  cl /c /I"C:\Program Files\NVIDIA GPU Computing Toolkit\CUDA\v9.2\include" /Zi /W3 /WX- /Od /Ob0 /D WIN32 /D _WINDOWS /D "CMAKE_INTDIR=\"Debug\"" /D _MBCS /Gm- /RTC1 /MDd /GS /fp:precise /Zc:wchar_t /Zc:forScope /Zc:inline /openmp /Fo"cmTC_23b5a.dir\Debug\\" /Fd"cmTC_23b5a.dir\Debug\vc140.pdb" /Gd /TC /errorReport:queue C:\libfreenect2_altered\build\CMakeFiles\CMakeTmp\CheckSymbolExists.c
  
  CheckSymbolExists.c
C:\libfreenect2_altered\build\CMakeFiles\CMakeTmp\CheckSymbolExists.c(8): error C2065: 'CL_VERSION_2_0': undeclared identifier [C:\libfreenect2_altered\build\CMakeFiles\CMakeTmp\cmTC_23b5a.vcxproj]
Done Building Project "C:\libfreenect2_altered\build\CMakeFiles\CMakeTmp\cmTC_23b5a.vcxproj" (default targets) -- FAILED.

Build FAILED.

"C:\libfreenect2_altered\build\CMakeFiles\CMakeTmp\cmTC_23b5a.vcxproj" (default target) (1) ->
(ClCompile target) -> 
  C:\libfreenect2_altered\build\CMakeFiles\CMakeTmp\CheckSymbolExists.c(8): error C2065: 'CL_VERSION_2_0': undeclared identifier [C:\libfreenect2_altered\build\CMakeFiles\CMakeTmp\cmTC_23b5a.vcxproj]

    0 Warning(s)
    1 Error(s)

Time Elapsed 00:00:00.47

File C:/libfreenect2_altered/build/CMakeFiles/CMakeTmp/CheckSymbolExists.c:
/* */
#include <C:/Program Files/NVIDIA GPU Computing Toolkit/CUDA/v9.2/include/CL/cl.h>

int main(int argc, char** argv)
{
  (void)argv;
#ifndef CL_VERSION_2_0
  return ((int*)(&CL_VERSION_2_0))[argc];
#else
  (void)argc;
  return 0;
#endif
}

Performing C++ SOURCE FILE Test COMPILER_HAS_DEPRECATED_ATTR failed with the following output:
Change Dir: C:/libfreenect2_altered/build/CMakeFiles/CMakeTmp

Run Build Command:"C:/Program Files (x86)/MSBuild/14.0/bin/MSBuild.exe" "cmTC_21b97.vcxproj" "/p:Configuration=Debug" "/p:Platform=x64" "/p:VisualStudioVersion=14.0"
Microsoft (R) Build Engine version 14.0.25420.1
Copyright (C) Microsoft Corporation. All rights reserved.

Build started 04/03/2019 12:55:31.
Project "C:\libfreenect2_altered\build\CMakeFiles\CMakeTmp\cmTC_21b97.vcxproj" on node 1 (default targets).
PrepareForBuild:
  Creating directory "cmTC_21b97.dir\Debug\".
  Creating directory "C:\libfreenect2_altered\build\CMakeFiles\CMakeTmp\Debug\".
  Creating directory "cmTC_21b97.dir\Debug\cmTC_21b97.tlog\".
InitializeBuildStatus:
  Creating "cmTC_21b97.dir\Debug\cmTC_21b97.tlog\unsuccessfulbuild" because "AlwaysCreate" was specified.
ClCompile:
  C:\Program Files (x86)\Microsoft Visual Studio 14.0\VC\bin\x86_amd64\CL.exe /c /Zi /W3 /WX- /Od /Ob0 /D WIN32 /D _WINDOWS /D COMPILER_HAS_DEPRECATED_ATTR /D "CMAKE_INTDIR=\"Debug\"" /D _MBCS /Gm- /EHsc /RTC1 /MDd /GS /fp:precise /Zc:wchar_t /Zc:forScope /Zc:inline /GR /openmp /Fo"cmTC_21b97.dir\Debug\\" /Fd"cmTC_21b97.dir\Debug\vc140.pdb" /Gd /TP /wd4267 /wd4244 /wd4200 /wd4305 /wd4146 /errorReport:queue C:\libfreenect2_altered\build\CMakeFiles\CMakeTmp\src.cxx
  Microsoft (R) C/C++ Optimizing Compiler Version 19.00.24215.1 for x64
  Copyright (C) Microsoft Corporation.  All rights reserved.
  
  cl /c /Zi /W3 /WX- /Od /Ob0 /D WIN32 /D _WINDOWS /D COMPILER_HAS_DEPRECATED_ATTR /D "CMAKE_INTDIR=\"Debug\"" /D _MBCS /Gm- /EHsc /RTC1 /MDd /GS /fp:precise /Zc:wchar_t /Zc:forScope /Zc:inline /GR /openmp /Fo"cmTC_21b97.dir\Debug\\" /Fd"cmTC_21b97.dir\Debug\vc140.pdb" /Gd /TP /wd4267 /wd4244 /wd4200 /wd4305 /wd4146 /errorReport:queue C:\libfreenect2_altered\build\CMakeFiles\CMakeTmp\src.cxx
  
  src.cxx
C:\libfreenect2_altered\build\CMakeFiles\CMakeTmp\src.cxx(1): error C2065: '__deprecated__': undeclared identifier [C:\libfreenect2_altered\build\CMakeFiles\CMakeTmp\cmTC_21b97.vcxproj]
C:\libfreenect2_altered\build\CMakeFiles\CMakeTmp\src.cxx(1): error C4430: missing type specifier - int assumed. Note: C++ does not support default-int [C:\libfreenect2_altered\build\CMakeFiles\CMakeTmp\cmTC_21b97.vcxproj]
C:\libfreenect2_altered\build\CMakeFiles\CMakeTmp\src.cxx(1): error C2448: '__attribute__': function-style initializer appears to be a function definition [C:\libfreenect2_altered\build\CMakeFiles\CMakeTmp\cmTC_21b97.vcxproj]
Done Building Project "C:\libfreenect2_altered\build\CMakeFiles\CMakeTmp\cmTC_21b97.vcxproj" (default targets) -- FAILED.

Build FAILED.

"C:\libfreenect2_altered\build\CMakeFiles\CMakeTmp\cmTC_21b97.vcxproj" (default target) (1) ->
(ClCompile target) -> 
  C:\libfreenect2_altered\build\CMakeFiles\CMakeTmp\src.cxx(1): error C2065: '__deprecated__': undeclared identifier [C:\libfreenect2_altered\build\CMakeFiles\CMakeTmp\cmTC_21b97.vcxproj]
  C:\libfreenect2_altered\build\CMakeFiles\CMakeTmp\src.cxx(1): error C4430: missing type specifier - int assumed. Note: C++ does not support default-int [C:\libfreenect2_altered\build\CMakeFiles\CMakeTmp\cmTC_21b97.vcxproj]
  C:\libfreenect2_altered\build\CMakeFiles\CMakeTmp\src.cxx(1): error C2448: '__attribute__': function-style initializer appears to be a function definition [C:\libfreenect2_altered\build\CMakeFiles\CMakeTmp\cmTC_21b97.vcxproj]

    0 Warning(s)
    3 Error(s)

Time Elapsed 00:00:00.46

Source file was:
__attribute__((__deprecated__)) int somefunc() { return 0; }
    int main() { return somefunc();}
